NOTE:  Mixed use of MSR and kernel interfaces to manage
       CAT or CMT & MBM may lead to unexpected behavior.
TIME 2016-11-05 19:41:14
    CORE   IPC   MISSES    LLC[KB]
     0-1  0.10       0k      768.0
    2-11  0.24       0k       24.0
TIME 2016-11-05 19:41:15
    CORE   IPC   MISSES    LLC[KB]
     0-1  0.48       0k      768.0
    2-11  0.42       0k       96.0
TIME 2016-11-05 19:41:16
    CORE   IPC   MISSES    LLC[KB]
     0-1  0.57       0k      768.0
    2-11  0.46       0k       96.0
TIME 2016-11-05 19:41:17
    CORE   IPC   MISSES    LLC[KB]
     0-1  1.42    2669k     5136.0
    2-11  0.54       7k     1488.0
TIME 2016-11-05 19:41:18
    CORE   IPC   MISSES    LLC[KB]
     0-1  1.44    4454k     5136.0
    2-11  0.53       1k     1704.0
TIME 2016-11-05 19:41:19
    CORE   IPC   MISSES    LLC[KB]
     0-1  1.44    4455k     5136.0
    2-11  0.53       2k     1968.0
TIME 2016-11-05 19:41:20
    CORE   IPC   MISSES    LLC[KB]
     0-1  1.44    4460k     5136.0
    2-11  0.46       0k     1968.0
TIME 2016-11-05 19:41:21
    CORE   IPC   MISSES    LLC[KB]
     0-1  1.44    4455k     5136.0
    2-11  0.46       0k     1968.0
TIME 2016-11-05 19:41:22
    CORE   IPC   MISSES    LLC[KB]
     0-1  1.44    4458k     5136.0
    2-11  0.46       0k     1968.0
TIME 2016-11-05 19:41:23
    CORE   IPC   MISSES    LLC[KB]
     0-1  1.44    4456k     5136.0
    2-11  0.45       1k     2040.0
TIME 2016-11-05 19:41:24
    CORE   IPC   MISSES    LLC[KB]
     0-1  1.44    4455k     5136.0
    2-11  0.47       0k     2088.0
TIME 2016-11-05 19:41:25
    CORE   IPC   MISSES    LLC[KB]
     0-1  1.44    4455k     5136.0
    2-11  0.51       0k     2136.0
TIME 2016-11-05 19:41:26
    CORE   IPC   MISSES    LLC[KB]
     0-1  1.44    4449k     5136.0
    2-11  0.53       0k     2184.0
TIME 2016-11-05 19:41:27
    CORE   IPC   MISSES    LLC[KB]
     0-1  1.44    4456k     5136.0
    2-11  0.47       0k     2208.0
TIME 2016-11-05 19:41:28
    CORE   IPC   MISSES    LLC[KB]
     0-1  1.44    4451k     5136.0
    2-11  0.52       0k     2424.0
TIME 2016-11-05 19:41:29
    CORE   IPC   MISSES    LLC[KB]
     0-1  1.44    4461k     5136.0
    2-11  0.45       0k     2472.0
TIME 2016-11-05 19:41:30
    CORE   IPC   MISSES    LLC[KB]
     0-1  1.44    4457k     5136.0
    2-11  0.44       0k     2472.0
TIME 2016-11-05 19:41:31
    CORE   IPC   MISSES    LLC[KB]
     0-1  1.44    4450k     5136.0
    2-11  0.44       1k     2520.0
TIME 2016-11-05 19:41:32
    CORE   IPC   MISSES    LLC[KB]
     0-1  1.44    4457k     5136.0
    2-11  0.44       0k     2520.0
TIME 2016-11-05 19:41:33
    CORE   IPC   MISSES    LLC[KB]
     0-1  1.44    4454k     5136.0
    2-11  0.45       0k     2496.0
TIME 2016-11-05 19:41:34
    CORE   IPC   MISSES    LLC[KB]
     0-1  1.44    4457k     5136.0
    2-11  0.43       0k     2496.0
TIME 2016-11-05 19:41:35
    CORE   IPC   MISSES    LLC[KB]
     0-1  1.44    4456k     5136.0
    2-11  0.44       0k     2496.0
TIME 2016-11-05 19:41:36
    CORE   IPC   MISSES    LLC[KB]
     0-1  1.44    4452k     5136.0
    2-11  0.44       0k     2496.0
TIME 2016-11-05 19:41:37
    CORE   IPC   MISSES    LLC[KB]
     0-1  1.21    5918k     7392.0
    2-11  1.58      25k     3912.0
TIME 2016-11-05 19:41:38
    CORE   IPC   MISSES    LLC[KB]
     0-1  1.05    6740k     7392.0
    2-11  1.60       5k     4344.0
TIME 2016-11-05 19:41:39
    CORE   IPC   MISSES    LLC[KB]
     0-1  1.05    6672k     7392.0
    2-11  1.60       2k     4392.0
TIME 2016-11-05 19:41:40
    CORE   IPC   MISSES    LLC[KB]
     0-1  1.05    6649k     7392.0
    2-11  1.59       1k     4416.0
TIME 2016-11-05 19:41:41
    CORE   IPC   MISSES    LLC[KB]
     0-1  1.05    6629k     7392.0
    2-11  1.59       1k     4416.0
TIME 2016-11-05 19:41:42
    CORE   IPC   MISSES    LLC[KB]
     0-1  1.05    6622k     7392.0
    2-11  1.60       0k     4416.0
TIME 2016-11-05 19:41:43
    CORE   IPC   MISSES    LLC[KB]
     0-1  1.05    6604k     7392.0
    2-11  1.59       2k     4440.0
TIME 2016-11-05 19:41:44
    CORE   IPC   MISSES    LLC[KB]
     0-1  1.06    6594k     7392.0
    2-11  1.59       0k     4440.0
TIME 2016-11-05 19:41:45
    CORE   IPC   MISSES    LLC[KB]
     0-1  1.05    6585k     7392.0
    2-11  1.59       1k     4440.0
TIME 2016-11-05 19:41:46
    CORE   IPC   MISSES    LLC[KB]
     0-1  1.06    6575k     7392.0
    2-11  1.60       0k     4440.0
TIME 2016-11-05 19:41:47
    CORE   IPC   MISSES    LLC[KB]
     0-1  1.06    6565k     7392.0
    2-11  1.59       1k     4440.0
TIME 2016-11-05 19:41:48
    CORE   IPC   MISSES    LLC[KB]
     0-1  1.06    6564k     7392.0
    2-11  1.59       1k     4536.0
TIME 2016-11-05 19:41:49
    CORE   IPC   MISSES    LLC[KB]
     0-1  1.06    6550k     7392.0
    2-11  1.59       0k     4536.0
TIME 2016-11-05 19:41:50
    CORE   IPC   MISSES    LLC[KB]
     0-1  1.06    6549k     7392.0
    2-11  1.59       0k     4536.0
TIME 2016-11-05 19:41:51
    CORE   IPC   MISSES    LLC[KB]
     0-1  1.06    6542k     7392.0
    2-11  1.59       0k     4536.0
TIME 2016-11-05 19:41:52
    CORE   IPC   MISSES    LLC[KB]
     0-1  1.06    6536k     7392.0
    2-11  1.59       0k     4536.0
TIME 2016-11-05 19:41:53
    CORE   IPC   MISSES    LLC[KB]
     0-1  1.06    6534k     7392.0
    2-11  1.59       1k     4536.0
TIME 2016-11-05 19:41:54
    CORE   IPC   MISSES    LLC[KB]
     0-1  1.06    6534k     7392.0
    2-11  1.59       1k     4536.0
TIME 2016-11-05 19:41:55
    CORE   IPC   MISSES    LLC[KB]
     0-1  1.06    6526k     7392.0
    2-11  1.59       0k     4536.0
TIME 2016-11-05 19:41:56
    CORE   IPC   MISSES    LLC[KB]
     0-1  1.06    6524k     7392.0
    2-11  1.59       2k     4536.0
TIME 2016-11-05 19:41:57
    CORE   IPC   MISSES    LLC[KB]
     0-1  1.11    3220k     7512.0
    2-11  1.57      12k     4872.0
TIME 2016-11-05 19:41:58
    CORE   IPC   MISSES    LLC[KB]
     0-1  1.15     750k     7512.0
    2-11  0.55       1k     5064.0
TIME 2016-11-05 19:41:59
    CORE   IPC   MISSES    LLC[KB]
     0-1  1.15     746k     7512.0
    2-11  0.49       1k     5064.0
TIME 2016-11-05 19:42:00
    CORE   IPC   MISSES    LLC[KB]
     0-1  1.15     751k     7512.0
    2-11  0.45       0k     5064.0
TIME 2016-11-05 19:42:01
    CORE   IPC   MISSES    LLC[KB]
     0-1  1.15     746k     7512.0
    2-11  0.45       0k     5064.0
TIME 2016-11-05 19:42:02
    CORE   IPC   MISSES    LLC[KB]
     0-1  1.15     747k     7512.0
    2-11  0.50       3k     5088.0
TIME 2016-11-05 19:42:03
    CORE   IPC   MISSES    LLC[KB]
     0-1  1.15     745k     7512.0
    2-11  0.46       0k     5088.0
TIME 2016-11-05 19:42:04
    CORE   IPC   MISSES    LLC[KB]
     0-1  1.15     744k     7512.0
    2-11  0.45       0k     5088.0
TIME 2016-11-05 19:42:05
    CORE   IPC   MISSES    LLC[KB]
     0-1  1.15     747k     7512.0
    2-11  0.45       0k     5088.0
TIME 2016-11-05 19:42:06
    CORE   IPC   MISSES    LLC[KB]
     0-1  1.15     746k     7512.0
    2-11  0.44       0k     5088.0
TIME 2016-11-05 19:42:07
    CORE   IPC   MISSES    LLC[KB]
     0-1  1.15     745k     7512.0
    2-11  0.44       0k     5088.0
TIME 2016-11-05 19:42:08
    CORE   IPC   MISSES    LLC[KB]
     0-1  1.15     746k     7512.0
    2-11  0.51       0k     5088.0
TIME 2016-11-05 19:42:09
    CORE   IPC   MISSES    LLC[KB]
     0-1  1.15     746k     7512.0
    2-11  0.45       0k     5088.0
TIME 2016-11-05 19:42:10
    CORE   IPC   MISSES    LLC[KB]
     0-1  1.15     748k     7512.0
    2-11  0.44       0k     5088.0
TIME 2016-11-05 19:42:11
    CORE   IPC   MISSES    LLC[KB]
     0-1  1.15     745k     7512.0
    2-11  0.45       0k     5088.0
TIME 2016-11-05 19:42:12
    CORE   IPC   MISSES    LLC[KB]
     0-1  1.15     746k     7512.0
    2-11  0.45       0k     5088.0
TIME 2016-11-05 19:42:13
    CORE   IPC   MISSES    LLC[KB]
     0-1  1.15     746k     7512.0
    2-11  0.47       0k     5088.0
TIME 2016-11-05 19:42:14
    CORE   IPC   MISSES    LLC[KB]
     0-1  1.15     746k     7512.0
    2-11  0.44       0k     5088.0
TIME 2016-11-05 19:42:15
    CORE   IPC   MISSES    LLC[KB]
     0-1  1.15     747k     7512.0
    2-11  0.45       0k     5088.0
TIME 2016-11-05 19:42:16
    CORE   IPC   MISSES    LLC[KB]
     0-1  1.15     745k     7512.0
    2-11  0.45       0k     5088.0
TIME 2016-11-05 19:42:17
    CORE   IPC   MISSES    LLC[KB]
     0-1  1.15     313k     7512.0
    2-11  0.54      27k     5832.0
